<?xml version="1.0" encoding="UTF-8"?>
<!-- Generated by org.testng.reporters.JUnitXMLReporter -->
<testsuite hostname="sonu-PC" ignored="0" name="Free CRM App Test Cases" tests="3" failures="0" timestamp="27 Mar 2018 12:37:53 GMT" time="69.833" errors="0">
  <testcase name="loginpagetitletest" time="0.106" classname="com.qa.tests.LoginPageTest"/>
  <testcase name="crmimagetest" time="0.086" classname="com.qa.tests.LoginPageTest"/>
  <testcase name="loginTest" time="0.004" classname="com.qa.tests.LoginPageTest"/>
</testsuite> <!-- Free CRM App Test Cases -->
