<?xml version="1.0" encoding="UTF-8"?>
<testng-results skipped="0" failed="0" ignored="0" total="3" passed="3">
  <reporter-output>
  </reporter-output>
  <suite name="FREE CRM Application Test Automation Test Suite" duration-ms="69833" started-at="2018-03-27T12:36:43Z" finished-at="2018-03-27T12:37:53Z">
    <groups>
    </groups>
    <test name="Free CRM App Test Cases" duration-ms="69833" started-at="2018-03-27T12:36:43Z" finished-at="2018-03-27T12:37:53Z">
      <class name="com.qa.tests.LoginPageTest">
        <test-method status="PASS" signature="setup()[pri:0, instance:com.qa.tests.LoginPageTest@1bd940d]" name="setup" is-config="true" duration-ms="43038" started-at="2018-03-27T12:36:43Z" finished-at="2018-03-27T12:37:26Z">
          <reporter-output>
          </reporter-output>
        </test-method> <!-- setup -->
        <test-method status="PASS" signature="loginpagetitletest()[pri:1, instance:com.qa.tests.LoginPageTest@1bd940d]" name="loginpagetitletest" duration-ms="106" started-at="2018-03-27T12:37:26Z" finished-at="2018-03-27T12:37:26Z">
          <reporter-output>
          </reporter-output>
        </test-method> <!-- loginpagetitletest -->
        <test-method status="PASS" signature="teardown()[pri:0, instance:com.qa.tests.LoginPageTest@1bd940d]" name="teardown" is-config="true" duration-ms="947" started-at="2018-03-27T12:37:26Z" finished-at="2018-03-27T12:37:27Z">
          <reporter-output>
          </reporter-output>
        </test-method> <!-- teardown -->
        <test-method status="PASS" signature="setup()[pri:0, instance:com.qa.tests.LoginPageTest@1bd940d]" name="setup" is-config="true" duration-ms="12257" started-at="2018-03-27T12:37:27Z" finished-at="2018-03-27T12:37:39Z">
          <reporter-output>
          </reporter-output>
        </test-method> <!-- setup -->
        <test-method status="PASS" signature="crmimagetest()[pri:2, instance:com.qa.tests.LoginPageTest@1bd940d]" name="crmimagetest" duration-ms="86" started-at="2018-03-27T12:37:39Z" finished-at="2018-03-27T12:37:39Z">
          <reporter-output>
          </reporter-output>
        </test-method> <!-- crmimagetest -->
        <test-method status="PASS" signature="teardown()[pri:0, instance:com.qa.tests.LoginPageTest@1bd940d]" name="teardown" is-config="true" duration-ms="746" started-at="2018-03-27T12:37:39Z" finished-at="2018-03-27T12:37:40Z">
          <reporter-output>
          </reporter-output>
        </test-method> <!-- teardown -->
        <test-method status="PASS" signature="setup()[pri:0, instance:com.qa.tests.LoginPageTest@1bd940d]" name="setup" is-config="true" duration-ms="11798" started-at="2018-03-27T12:37:40Z" finished-at="2018-03-27T12:37:52Z">
          <reporter-output>
          </reporter-output>
        </test-method> <!-- setup -->
        <test-method status="PASS" signature="loginTest()[pri:3, instance:com.qa.tests.LoginPageTest@1bd940d]" name="loginTest" duration-ms="4" started-at="2018-03-27T12:37:52Z" finished-at="2018-03-27T12:37:52Z">
          <reporter-output>
          </reporter-output>
        </test-method> <!-- loginTest -->
        <test-method status="PASS" signature="teardown()[pri:0, instance:com.qa.tests.LoginPageTest@1bd940d]" name="teardown" is-config="true" duration-ms="793" started-at="2018-03-27T12:37:52Z" finished-at="2018-03-27T12:37:53Z">
          <reporter-output>
          </reporter-output>
        </test-method> <!-- teardown -->
      </class> <!-- com.qa.tests.LoginPageTest -->
    </test> <!-- Free CRM App Test Cases -->
  </suite> <!-- FREE CRM Application Test Automation Test Suite -->
</testng-results>
